<?xml version="1.0" encoding="UTF-8"?>
<!-- Generated by org.testng.reporters.JUnitXMLReporter -->
<testsuite ignored="0" hostname="TE005090" failures="2" tests="2" name="Command line test" time="145.187" errors="0" timestamp="2021-09-29T21:20:40 NZDT">
  <testcase classname="automation.test.TestCart" name="testShoppingCart" time="72.714">
    <failure type="java.lang.AssertionError" message="expected [true] but found [false]">
      <![CDATA[java.lang.AssertionError: expected [true] but found [false]
at automation.pages.SortView.selectCheapest(SortView.java:31)
at automation.test.TestCart.doShopTest(TestCart.java:55)
at automation.test.TestCart.testShoppingCart(TestCart.java:31)
at java.base/java.util.ArrayList.forEach(ArrayList.java:1511)
at automation.test.TestCart.main(TestCart.java:80)
... Removed 30 stack frames]]>
    </failure>
  </testcase> <!-- testShoppingCart -->
  <testcase classname="automation.test.TestCart" name="testShoppingCart" time="67.203">
    <failure type="java.lang.AssertionError" message="expected [$67.60] but found [$34.80]">
      <![CDATA[java.lang.AssertionError: expected [$67.60] but found [$34.80]
at automation.pages.OrderSummary.checkTotal(OrderSummary.java:24)
at automation.test.TestCart.doShopTest(TestCart.java:63)
at automation.test.TestCart.testShoppingCart(TestCart.java:31)
at java.base/java.util.ArrayList.forEach(ArrayList.java:1511)
at automation.test.TestCart.main(TestCart.java:80)
... Removed 30 stack frames]]>
    </failure>
  </testcase> <!-- testShoppingCart -->
</testsuite> <!-- Command line test -->
