<?xml version="1.0" encoding="UTF-8"?>
<testng-results ignored="0" total="2" passed="2" failed="0" skipped="0">
  <reporter-output>
  </reporter-output>
  <suite started-at="2021-09-29T20:07:11 NZDT" name="Command line suite" finished-at="2021-09-29T20:09:23 NZDT" duration-ms="131155">
    <groups>
    </groups>
    <test started-at="2021-09-29T20:07:11 NZDT" name="Command line test" finished-at="2021-09-29T20:09:23 NZDT" duration-ms="131155">
      <class name="automation.test.TestCart">
        <test-method is-config="true" signature="init()[pri:0, instance:automation.test.TestCart@327b636c]" started-at="2021-09-29T20:07:11 NZDT" name="init" finished-at="2021-09-29T20:07:13 NZDT" duration-ms="2026" status="PASS">
          <reporter-output>
          </reporter-output>
        </test-method> <!-- init -->
        <test-method signature="testShoppingCart(automation.Params.ParamInput)[pri:0, instance:automation.test.TestCart@327b636c]" started-at="2021-09-29T20:07:13 NZDT" name="testShoppingCart" data-provider="JasonReader" finished-at="2021-09-29T20:08:23 NZDT" duration-ms="69768" status="PASS">
          <params>
            <param index="0">
              <value>
                <![CDATA[ParamInput(_TestName_=Test_Green_Dress, _TestDescription_=Test Green Dress size:M,quantity:2, navigateTo=http://automationpractice.com/, searchFor=Printed Summer Dress, selectProduct=Price: Lowest first, product=Product(quantity=2, size=M, colour=Green, action=Add to cart), action=Proceed to Checkout, shoppingCartSummary=ShoppingCartSummary(Total=$34.80))]]>
              </value>
            </param>
          </params>
          <reporter-output>
          </reporter-output>
        </test-method> <!-- testShoppingCart -->
        <test-method signature="testShoppingCart(automation.Params.ParamInput)[pri:0, instance:automation.test.TestCart@327b636c]" started-at="2021-09-29T20:08:23 NZDT" name="testShoppingCart" data-provider="JasonReader" finished-at="2021-09-29T20:09:22 NZDT" duration-ms="58364" status="PASS">
          <params>
            <param index="0">
              <value>
                <![CDATA[ParamInput(_TestName_=Test_Yellow_Dress, _TestDescription_=Test Yellow Dress, navigateTo=http://automationpractice.com/, searchFor=Printed Summer Dress, selectProduct=Price: Lowest first, product=Product(quantity=2, size=S, colour=Yellow, action=Add to cart), action=Proceed to Checkout, shoppingCartSummary=ShoppingCartSummary(Total=$67.60))]]>
              </value>
            </param>
          </params>
          <reporter-output>
          </reporter-output>
        </test-method> <!-- testShoppingCart -->
        <test-method is-config="true" signature="afterClass()[pri:0, instance:automation.test.TestCart@327b636c]" started-at="2021-09-29T20:09:22 NZDT" name="afterClass" finished-at="2021-09-29T20:09:23 NZDT" duration-ms="945" status="PASS">
          <reporter-output>
          </reporter-output>
        </test-method> <!-- afterClass -->
      </class> <!-- automation.test.TestCart -->
    </test> <!-- Command line test -->
  </suite> <!-- Command line suite -->
</testng-results>
