<?xml version="1.0" encoding="UTF-8"?>
<testng-results ignored="0" total="2" passed="2" failed="0" skipped="0">
  <reporter-output>
  </reporter-output>
  <suite started-at="2021-09-29T18:14:28 NZDT" name="Command line suite" finished-at="2021-09-29T18:16:41 NZDT" duration-ms="133261">
    <groups>
    </groups>
    <test started-at="2021-09-29T18:14:28 NZDT" name="Command line test" finished-at="2021-09-29T18:16:41 NZDT" duration-ms="133261">
      <class name="Integration.test.TestCart">
        <test-method is-config="true" signature="init()[pri:0, instance:Integration.test.TestCart@7c417213]" started-at="2021-09-29T18:14:28 NZDT" name="init" finished-at="2021-09-29T18:14:30 NZDT" duration-ms="1913" status="PASS">
          <reporter-output>
          </reporter-output>
        </test-method> <!-- init -->
        <test-method signature="testShoppingCart(Integration.Params.ParamInput)[pri:0, instance:Integration.test.TestCart@7c417213]" started-at="2021-09-29T18:14:30 NZDT" name="testShoppingCart" data-provider="JasonReader" finished-at="2021-09-29T18:15:39 NZDT" duration-ms="69573" status="PASS">
          <params>
            <param index="0">
              <value>
                <![CDATA[ParamInput(_TestName_=Test_Green_Dress, _TestDescription_=Test Green Dress size:M,quantity:2, navigateTo=http://automationpractice.com/, searchFor=Printed Summer Dress, selectProduct=Price: Lowest first, product=Product(quantity=2, size=M, colour=Green, action=Add to cart), action=Proceed to Checkout, shoppingCartSummary=ShoppingCartSummary(Total=$34.80))]]>
              </value>
            </param>
          </params>
          <reporter-output>
          </reporter-output>
        </test-method> <!-- testShoppingCart -->
        <test-method signature="testShoppingCart(Integration.Params.ParamInput)[pri:0, instance:Integration.test.TestCart@7c417213]" started-at="2021-09-29T18:15:39 NZDT" name="testShoppingCart" data-provider="JasonReader" finished-at="2021-09-29T18:16:40 NZDT" duration-ms="60770" status="PASS">
          <params>
            <param index="0">
              <value>
                <![CDATA[ParamInput(_TestName_=Test_Yellow_Dress, _TestDescription_=Test Yellow Dress, navigateTo=http://automationpractice.com/, searchFor=Printed Summer Dress, selectProduct=Price: Lowest first, product=Product(quantity=2, size=S, colour=Yellow, action=Add to cart), action=Proceed to Checkout, shoppingCartSummary=ShoppingCartSummary(Total=$67.60))]]>
              </value>
            </param>
          </params>
          <reporter-output>
          </reporter-output>
        </test-method> <!-- testShoppingCart -->
        <test-method is-config="true" signature="afterClass()[pri:0, instance:Integration.test.TestCart@7c417213]" started-at="2021-09-29T18:16:40 NZDT" name="afterClass" finished-at="2021-09-29T18:16:41 NZDT" duration-ms="955" status="PASS">
          <reporter-output>
          </reporter-output>
        </test-method> <!-- afterClass -->
      </class> <!-- Integration.test.TestCart -->
    </test> <!-- Command line test -->
  </suite> <!-- Command line suite -->
</testng-results>
